CRITICAL - 2024-01-03 03:56:08 --> CodeIgniter\HTTP\Exceptions\HTTPException: 22 : The requested URL returned error: 401 
in SYSTEMPATH\HTTP\CURLRequest.php on line 695.
 1 SYSTEMPATH\HTTP\CURLRequest.php(695): CodeIgniter\HTTP\Exceptions\HTTPException::forCurlError('22', 'The requested URL returned error: 401 ')
 2 SYSTEMPATH\HTTP\CURLRequest.php(387): CodeIgniter\HTTP\CURLRequest->sendRequest([...])
 3 SYSTEMPATH\HTTP\CURLRequest.php(145): CodeIgniter\HTTP\CURLRequest->send('GET', 'https://api.fitbit.com/1/user/-/spo2/date/2023-12-09/2023-12-09/all.json')
 4 APPPATH\Libraries\Api.php(141): CodeIgniter\HTTP\CURLRequest->request('GET', 'https://api.fitbit.com/1/user/-/spo2/date/2023-12-09/2023-12-09/all.json', [...])
 5 APPPATH\Controllers\Home.php(20): App\Libraries\Api->saturacion('eyJhbGciOiJIUzI1NiJ9.eyJhdWQiOiIyM1JQRDkiLCJzdWIiOiJCU1FDV1AiLCJpc3MiOiJGaXRiaXQiLCJ0eXAiOiJhY2Nlc3NfdG9rZW4iLCJzY29wZXMiOiJyc29jIHJzZXQgcm94eSBycHJvIHJudXQgcnNsZSByYWN0IHJyZXMgcmxvYyByd2VpIHJociBydGVtIiwiZXhwIjoxNzA0MjQ2ODMwLCJpYXQiOjE3MDQyMTgwMzB9.VmsC44Q_xQh0XWTgZ31QT3heOF9dl4STeJquOCi-SE8', '2', '2023-12-09')
 6 SYSTEMPATH\CodeIgniter.php(941): App\Controllers\Home->index()
 7 SYSTEMPATH\CodeIgniter.php(502): CodeIgniter\CodeIgniter->runController(Object(App\Controllers\Home))
 8 SYSTEMPATH\CodeIgniter.php(361): CodeIgniter\CodeIgniter->handleRequest(null, Object(Config\Cache), false)
 9 FCPATH\index.php(79): CodeIgniter\CodeIgniter->run()
CRITICAL - 2024-01-03 03:56:26 --> CodeIgniter\HTTP\Exceptions\HTTPException: 22 : The requested URL returned error: 401 
in SYSTEMPATH\HTTP\CURLRequest.php on line 695.
 1 SYSTEMPATH\HTTP\CURLRequest.php(695): CodeIgniter\HTTP\Exceptions\HTTPException::forCurlError('22', 'The requested URL returned error: 401 ')
 2 SYSTEMPATH\HTTP\CURLRequest.php(387): CodeIgniter\HTTP\CURLRequest->sendRequest([...])
 3 SYSTEMPATH\HTTP\CURLRequest.php(145): CodeIgniter\HTTP\CURLRequest->send('GET', 'https://api.fitbit.com/1/user/-/spo2/date/2023-12-01/2023-12-01/all.json')
 4 APPPATH\Libraries\Api.php(141): CodeIgniter\HTTP\CURLRequest->request('GET', 'https://api.fitbit.com/1/user/-/spo2/date/2023-12-01/2023-12-01/all.json', [...])
 5 APPPATH\Controllers\Home.php(20): App\Libraries\Api->saturacion('eyJhbGciOiJIUzI1NiJ9.eyJhdWQiOiIyM1JQRDkiLCJzdWIiOiJCU1FDV1AiLCJpc3MiOiJGaXRiaXQiLCJ0eXAiOiJhY2Nlc3NfdG9rZW4iLCJzY29wZXMiOiJyc29jIHJzZXQgcm94eSBycHJvIHJudXQgcnNsZSByYWN0IHJyZXMgcmxvYyByd2VpIHJociBydGVtIiwiZXhwIjoxNzA0MjQ2ODMwLCJpYXQiOjE3MDQyMTgwMzB9.VmsC44Q_xQh0XWTgZ31QT3heOF9dl4STeJquOCi-SE8', '2', '2023-12-01')
 6 SYSTEMPATH\CodeIgniter.php(941): App\Controllers\Home->index()
 7 SYSTEMPATH\CodeIgniter.php(502): CodeIgniter\CodeIgniter->runController(Object(App\Controllers\Home))
 8 SYSTEMPATH\CodeIgniter.php(361): CodeIgniter\CodeIgniter->handleRequest(null, Object(Config\Cache), false)
 9 FCPATH\index.php(79): CodeIgniter\CodeIgniter->run()
CRITICAL - 2024-01-03 04:10:13 --> ParseError: syntax error, unexpected end of file
in APPPATH\Libraries\Api.php on line 207.
 1 SYSTEMPATH\Autoloader\Autoloader.php(288): CodeIgniter\Autoloader\Autoloader->includeFile('C:\\xampp\\htdocs\\app\\Libraries\\Api.php')
 2 SYSTEMPATH\Autoloader\Autoloader.php(266): CodeIgniter\Autoloader\Autoloader->loadInNamespace('App\\Libraries\\Api')
 3 [internal function]: CodeIgniter\Autoloader\Autoloader->loadClass('App\\Libraries\\Api')
 4 APPPATH\Controllers\Home.php(15): spl_autoload_call('App\\Libraries\\Api')
 5 SYSTEMPATH\CodeIgniter.php(941): App\Controllers\Home->index()
 6 SYSTEMPATH\CodeIgniter.php(502): CodeIgniter\CodeIgniter->runController(Object(App\Controllers\Home))
 7 SYSTEMPATH\CodeIgniter.php(361): CodeIgniter\CodeIgniter->handleRequest(null, Object(Config\Cache), false)
 8 FCPATH\index.php(79): CodeIgniter\CodeIgniter->run()
