CRITICAL - 2024-02-22 18:10:12 --> BadMethodCallException: Call to undefined method App\Models\ResumenSuenoModel::num_rows
in SYSTEMPATH\Model.php on line 874.
 1 APPPATH\Controllers\Home.php(170): CodeIgniter\Model->__call('num_rows', [])
 2 SYSTEMPATH\CodeIgniter.php(941): App\Controllers\Home->resumensueno()
 3 SYSTEMPATH\CodeIgniter.php(502): CodeIgniter\CodeIgniter->runController(Object(App\Controllers\Home))
 4 SYSTEMPATH\CodeIgniter.php(361): CodeIgniter\CodeIgniter->handleRequest(null, Object(Config\Cache), false)
 5 FCPATH\index.php(79): CodeIgniter\CodeIgniter->run()
CRITICAL - 2024-02-22 18:11:35 --> Error: Call to undefined method CodeIgniter\Database\MySQLi\Result::num_rows()
in APPPATH\Controllers\Home.php on line 170.
 1 SYSTEMPATH\CodeIgniter.php(941): App\Controllers\Home->resumensueno()
 2 SYSTEMPATH\CodeIgniter.php(502): CodeIgniter\CodeIgniter->runController(Object(App\Controllers\Home))
 3 SYSTEMPATH\CodeIgniter.php(361): CodeIgniter\CodeIgniter->handleRequest(null, Object(Config\Cache), false)
 4 FCPATH\index.php(79): CodeIgniter\CodeIgniter->run()
CRITICAL - 2024-02-22 18:14:04 --> BadMethodCallException: Call to undefined method App\Models\ResumenSuenoModel::getNumRows
in SYSTEMPATH\Model.php on line 874.
 1 APPPATH\Controllers\Home.php(170): CodeIgniter\Model->__call('getNumRows', [])
 2 SYSTEMPATH\CodeIgniter.php(941): App\Controllers\Home->resumensueno()
 3 SYSTEMPATH\CodeIgniter.php(502): CodeIgniter\CodeIgniter->runController(Object(App\Controllers\Home))
 4 SYSTEMPATH\CodeIgniter.php(361): CodeIgniter\CodeIgniter->handleRequest(null, Object(Config\Cache), false)
 5 FCPATH\index.php(79): CodeIgniter\CodeIgniter->run()
